#
# There is insufficient memory for the Java Runtime Environment to continue.
# Native memory allocation (malloc) failed to allocate 1226032 bytes for Chunk::new
# Possible reasons:
#   The system is out of physical RAM or swap space
#   The process is running with CompressedOops enabled, and the Java Heap may be blocking the growth of the native heap
# Possible solutions:
#   Reduce memory load on the system
#   Increase physical memory or swap space
#   Check if swap backing store is full
#   Decrease Java heap size (-Xmx/-Xms)
#   Decrease number of Java threads
#   Decrease Java thread stack sizes (-Xss)
#   Set larger code cache with -XX:ReservedCodeCacheSize=
#   JVM is running with Zero Based Compressed Oops mode in which the Java heap is
#     placed in the first 32GB address space. The Java Heap base address is the
#     maximum limit for the native heap growth. Please use -XX:HeapBaseMinAddress
#     to set the Java Heap base and to place the Java Heap above 32GB virtual address.
# This output file may be truncated or incomplete.
#
#  Out of Memory Error (arena.cpp:191), pid=37292, tid=63300
#
# JRE version: OpenJDK Runtime Environment Temurin-17.0.9+9 (17.0.9+9) (build 17.0.9+9)
# Java VM: OpenJDK 64-Bit Server VM Temurin-17.0.9+9 (17.0.9+9, mixed mode, sharing, tiered, compressed oops, compressed class ptrs, g1 gc, windows-amd64)
# No core dump will be written. Minidumps are not enabled by default on client versions of Windows
#

---------------  S U M M A R Y ------------

Command Line: org.sonarsource.sonarlint.core.backend.cli.SonarLintServerCli

Host: Intel(R) Core(TM) i5-9500 CPU @ 3.00GHz, 6 cores, 15G,  Windows 10 , 64 bit Build 19041 (10.0.19041.5072)
Time: Mon Dec  9 19:44:09 2024  Windows 10 , 64 bit Build 19041 (10.0.19041.5072) elapsed time: 11.445546 seconds (0d 0h 0m 11s)

---------------  T H R E A D  ---------------

Current thread (0x000001e04c62d130):  JavaThread "C2 CompilerThread1" daemon [_thread_in_native, id=63300, stack(0x000000d29e200000,0x000000d29e300000)]


Current CompileTask:
C2:  11445 4405       4       java.util.TreeMap::put (221 bytes)

Stack: [0x000000d29e200000,0x000000d29e300000]
Native frames: (J=compiled Java code, j=interpreted, Vv=VM code, C=native code)
V  [jvm.dll+0x67cf49]
V  [jvm.dll+0x83478a]
V  [jvm.dll+0x83624e]
V  [jvm.dll+0x8368b3]
V  [jvm.dll+0x247f1f]
V  [jvm.dll+0xac43c]
V  [jvm.dll+0xaca8c]
V  [jvm.dll+0x367067]
V  [jvm.dll+0x3313ba]
V  [jvm.dll+0x33085a]
V  [jvm.dll+0x21a5b1]
V  [jvm.dll+0x2199d1]
V  [jvm.dll+0x1a57cd]
V  [jvm.dll+0x2297ae]
V  [jvm.dll+0x22797c]
V  [jvm.dll+0x7e9877]
V  [jvm.dll+0x7e3c3a]
V  [jvm.dll+0x67be35]
C  [ucrtbase.dll+0x21bb2]
C  [KERNEL32.DLL+0x17374]
C  [ntdll.dll+0x4cc91]


---------------  P R O C E S S  ---------------

Threads class SMR info:
_java_thread_list=0x000001e04c579e50, length=41, elements={
0x000001e0631fd300, 0x000001e07f268590, 0x000001e07f2698c0, 0x000001e04b00a5d0,
0x000001e04b00aea0, 0x000001e04b00df20, 0x000001e04b014d70, 0x000001e04b01ca50,
0x000001e04b01d360, 0x000001e04b020090, 0x000001e04b0166c0, 0x000001e04b016bd0,
0x000001e04b014860, 0x000001e04b0175f0, 0x000001e04b015790, 0x000001e04b017b00,
0x000001e04b0170e0, 0x000001e04b018010, 0x000001e04c23a6d0, 0x000001e04c237e50,
0x000001e04c23bb10, 0x000001e04c2346a0, 0x000001e04c23c020, 0x000001e04c236f20,
0x000001e04c23abe0, 0x000001e04c237430, 0x000001e04c235ae0, 0x000001e04c236a10,
0x000001e04c235ff0, 0x000001e04c234bb0, 0x000001e04c238d80, 0x000001e04c23b0f0,
0x000001e04c2350c0, 0x000001e04c2355d0, 0x000001e04c236500, 0x000001e04c23b600,
0x000001e04c238360, 0x000001e04c237940, 0x000001e04c238870, 0x000001e04c62d130,
0x000001e04c23a1c0
}

Java Threads: ( => current thread )
  0x000001e0631fd300 JavaThread "main" [_thread_blocked, id=62912, stack(0x000000d29ae00000,0x000000d29af00000)]
  0x000001e07f268590 JavaThread "Reference Handler" daemon [_thread_blocked, id=32000, stack(0x000000d29b500000,0x000000d29b600000)]
  0x000001e07f2698c0 JavaThread "Finalizer" daemon [_thread_blocked, id=57500, stack(0x000000d29b600000,0x000000d29b700000)]
  0x000001e04b00a5d0 JavaThread "Signal Dispatcher" daemon [_thread_blocked, id=50536, stack(0x000000d29b700000,0x000000d29b800000)]
  0x000001e04b00aea0 JavaThread "Attach Listener" daemon [_thread_blocked, id=66100, stack(0x000000d29b800000,0x000000d29b900000)]
  0x000001e04b00df20 JavaThread "Service Thread" daemon [_thread_blocked, id=65552, stack(0x000000d29b900000,0x000000d29ba00000)]
  0x000001e04b014d70 JavaThread "Monitor Deflation Thread" daemon [_thread_blocked, id=59192, stack(0x000000d29ba00000,0x000000d29bb00000)]
  0x000001e04b01ca50 JavaThread "C2 CompilerThread0" daemon [_thread_in_native, id=65368, stack(0x000000d29bb00000,0x000000d29bc00000)]
  0x000001e04b01d360 JavaThread "C1 CompilerThread0" daemon [_thread_blocked, id=28748, stack(0x000000d29bc00000,0x000000d29bd00000)]
  0x000001e04b020090 JavaThread "Sweeper thread" daemon [_thread_blocked, id=45880, stack(0x000000d29bd00000,0x000000d29be00000)]
  0x000001e04b0166c0 JavaThread "Notification Thread" daemon [_thread_blocked, id=62000, stack(0x000000d29be00000,0x000000d29bf00000)]
  0x000001e04b016bd0 JavaThread "Common-Cleaner" daemon [_thread_blocked, id=64180, stack(0x000000d29c000000,0x000000d29c100000)]
  0x000001e04b014860 JavaThread "Server message writer" [_thread_blocked, id=39044, stack(0x000000d29c700000,0x000000d29c800000)]
  0x000001e04b0175f0 JavaThread "Server message writer" [_thread_blocked, id=31792, stack(0x000000d29c800000,0x000000d29c900000)]
  0x000001e04b015790 JavaThread "Server message reader" [_thread_blocked, id=65748, stack(0x000000d29c900000,0x000000d29ca00000)]
  0x000001e04b017b00 JavaThread "SonarLint Server RPC sequential executor" [_thread_blocked, id=61352, stack(0x000000d29ca00000,0x000000d29cb00000)]
  0x000001e04b0170e0 JavaThread "httpclient-main-1" daemon [_thread_blocked, id=58292, stack(0x000000d29cb00000,0x000000d29cc00000)]
  0x000001e04b018010 JavaThread "SonarLint Telemetry" [_thread_blocked, id=49048, stack(0x000000d29cc00000,0x000000d29cd00000)]
  0x000001e04c23a6d0 JavaThread "httpclient-dispatch-1" daemon [_thread_in_native, id=29932, stack(0x000000d29cd00000,0x000000d29ce00000)]
  0x000001e04c237e50 JavaThread "httpclient-dispatch-2" daemon [_thread_in_native, id=6776, stack(0x000000d29ce00000,0x000000d29cf00000)]
  0x000001e04c23bb10 JavaThread "httpclient-dispatch-3" daemon [_thread_in_native, id=32252, stack(0x000000d29cf00000,0x000000d29d000000)]
  0x000001e04c2346a0 JavaThread "httpclient-dispatch-4" daemon [_thread_in_native, id=33564, stack(0x000000d29d000000,0x000000d29d100000)]
  0x000001e04c23c020 JavaThread "httpclient-dispatch-5" daemon [_thread_in_native, id=10688, stack(0x000000d29d100000,0x000000d29d200000)]
  0x000001e04c236f20 JavaThread "httpclient-dispatch-6" daemon [_thread_in_native, id=64404, stack(0x000000d29d200000,0x000000d29d300000)]
  0x000001e04c23abe0 JavaThread "HTTP-listener-64120-1" [_thread_in_native, id=65372, stack(0x000000d29d300000,0x000000d29d400000)]
  0x000001e04c237430 JavaThread "SonarLint Local Storage Synchronizer" [_thread_blocked, id=65104, stack(0x000000d29c100000,0x000000d29c200000)]
  0x000001e04c235ae0 JavaThread "threadJobProcessorPoolSpawner" daemon [_thread_blocked, id=2012, stack(0x000000d29d500000,0x000000d29d600000)]
  0x000001e04c236a10 JavaThread "Exodus shared timer thread" daemon [_thread_blocked, id=64972, stack(0x000000d29d600000,0x000000d29d700000)]
  0x000001e04c235ff0 JavaThread "Exodus shared deferred I/O job processor" daemon [_thread_blocked, id=67532, stack(0x000000d29d700000,0x000000d29d800000)]
  0x000001e04c234bb0 JavaThread "Exodus shared background cleaner" daemon [_thread_blocked, id=9888, stack(0x000000d29d900000,0x000000d29da00000)]
  0x000001e04c238d80 JavaThread "Exodus shared stuck transaction monitor" daemon [_thread_blocked, id=14160, stack(0x000000d29da00000,0x000000d29db00000)]
  0x000001e04c23b0f0 JavaThread "EntityStoreSharedAsyncProcessor0" daemon [_thread_blocked, id=37344, stack(0x000000d29db00000,0x000000d29dc00000)]
  0x000001e04c2350c0 JavaThread "EntityStoreSharedAsyncProcessor1" daemon [_thread_blocked, id=49756, stack(0x000000d29dc00000,0x000000d29dd00000)]
  0x000001e04c2355d0 JavaThread "sonarlint-filesystem" [_thread_blocked, id=38300, stack(0x000000d29dd00000,0x000000d29de00000)]
  0x000001e04c236500 JavaThread "sonarlint-analysis-engine" [_thread_blocked, id=53024, stack(0x000000d29d800000,0x000000d29d900000)]
  0x000001e04c23b600 JavaThread "sonarlint-websocket-subscriber" [_thread_blocked, id=35432, stack(0x000000d29de00000,0x000000d29df00000)]
  0x000001e04c238360 JavaThread "sonarlint-server-sent-events-subscriber" [_thread_blocked, id=66628, stack(0x000000d29df00000,0x000000d29e000000)]
  0x000001e04c237940 JavaThread "SonarLint Server RPC request executor" [_thread_in_Java, id=58228, stack(0x000000d29e000000,0x000000d29e100000)]
  0x000001e04c238870 JavaThread "sonarlint-file-exclusions" [_thread_blocked, id=31912, stack(0x000000d29e100000,0x000000d29e200000)]
=>0x000001e04c62d130 JavaThread "C2 CompilerThread1" daemon [_thread_in_native, id=63300, stack(0x000000d29e200000,0x000000d29e300000)]
  0x000001e04c23a1c0 JavaThread "SonarLint Server shutdown" [_thread_blocked, id=52676, stack(0x000000d29e300000,0x000000d29e400000)]

Other Threads:
  0x000001e07f262b00 VMThread "VM Thread" [stack: 0x000000d29b400000,0x000000d29b500000] [id=11024]
  0x000001e04b139140 WatcherThread [stack: 0x000000d29bf00000,0x000000d29c000000] [id=67048]
  0x000001e06326b770 GCTaskThread "GC Thread#0" [stack: 0x000000d29af00000,0x000000d29b000000] [id=30728]
  0x000001e04b68d840 GCTaskThread "GC Thread#1" [stack: 0x000000d29c200000,0x000000d29c300000] [id=65616]
  0x000001e04b9809a0 GCTaskThread "GC Thread#2" [stack: 0x000000d29c300000,0x000000d29c400000] [id=52316]
  0x000001e04b980c60 GCTaskThread "GC Thread#3" [stack: 0x000000d29c400000,0x000000d29c500000] [id=53568]
  0x000001e04b7e4db0 GCTaskThread "GC Thread#4" [stack: 0x000000d29c500000,0x000000d29c600000] [id=51404]
  0x000001e04b7e5070 GCTaskThread "GC Thread#5" [stack: 0x000000d29c600000,0x000000d29c700000] [id=58624]
  0x000001e06327cbb0 ConcurrentGCThread "G1 Main Marker" [stack: 0x000000d29b000000,0x000000d29b100000] [id=61368]
  0x000001e06327d4e0 ConcurrentGCThread "G1 Conc#0" [stack: 0x000000d29b100000,0x000000d29b200000] [id=67040]
  0x000001e04c2127a0 ConcurrentGCThread "G1 Conc#1" [stack: 0x000000d29d400000,0x000000d29d500000] [id=67008]
  0x000001e07f11c130 ConcurrentGCThread "G1 Refine#0" [stack: 0x000000d29b200000,0x000000d29b300000] [id=21468]
  0x000001e07f11c970 ConcurrentGCThread "G1 Service" [stack: 0x000000d29b300000,0x000000d29b400000] [id=52584]

Threads with active compile tasks:
C2 CompilerThread0    11485 4406       4       java.util.TreeMap::put (8 bytes)
C2 CompilerThread1    11485 4405       4       java.util.TreeMap::put (221 bytes)

VM state: not at safepoint (normal execution)

VM Mutex/Monitor currently owned by a thread: None

Heap address: 0x0000000701c00000, size: 4068 MB, Compressed Oops mode: Zero based, Oop shift amount: 3

CDS archive(s) mapped at: [0x000001e006000000-0x000001e006a40000-0x000001e006a40000), size 10747904, SharedBaseAddress: 0x000001e006000000, ArchiveRelocationMode: 1.
Compressed class space mapped at: 0x000001e007000000-0x000001e047000000, reserved size: 1073741824
Narrow klass base: 0x000001e006000000, Narrow klass shift: 0, Narrow klass range: 0x100000000

GC Precious Log:
 CPUs: 6 total, 6 available
 Memory: 16265M
 Large Page Support: Disabled
 NUMA Support: Disabled
 Compressed Oops: Enabled (Zero based)
 Heap Region Size: 2M
 Heap Min Capacity: 8M
 Heap Initial Capacity: 256M
 Heap Max Capacity: 4068M
 Pre-touch: Disabled
 Parallel Workers: 6
 Concurrent Workers: 2
 Concurrent Refinement Workers: 6
 Periodic GC: Disabled

Heap:
 garbage-first heap   total 159744K, used 107034K [0x0000000701c00000, 0x0000000800000000)
  region size 2048K, 40 young (81920K), 1 survivors (2048K)
 Metaspace       used 32436K, committed 32768K, reserved 1114112K
  class space    used 3893K, committed 4032K, reserved 1048576K

Heap Regions: E=young(eden), S=young(survivor), O=old, HS=humongous(starts), HC=humongous(continues), CS=collection set, F=free, OA=open archive, CA=closed archive, TAMS=top-at-mark-start (previous, next)
|   0|0x0000000701c00000, 0x0000000701e00000, 0x0000000701e00000|100%| O|  |TAMS 0x0000000701e00000, 0x0000000701c00000| Untracked 
|   1|0x0000000701e00000, 0x0000000702000000, 0x0000000702000000|100%| O|  |TAMS 0x0000000702000000, 0x0000000701e00000| Untracked 
|   2|0x0000000702000000, 0x0000000702200000, 0x0000000702200000|100%| O|  |TAMS 0x0000000702200000, 0x0000000702000000| Untracked 
|   3|0x0000000702200000, 0x0000000702400000, 0x0000000702400000|100%| O|  |TAMS 0x0000000702400000, 0x0000000702200000| Untracked 
|   4|0x0000000702400000, 0x0000000702600000, 0x0000000702600000|100%| O|  |TAMS 0x0000000702600000, 0x0000000702400000| Untracked 
|   5|0x0000000702600000, 0x0000000702800000, 0x0000000702800000|100%| O|  |TAMS 0x0000000702800000, 0x0000000702600000| Untracked 
|   6|0x0000000702800000, 0x0000000702a00000, 0x0000000702a00000|100%| O|  |TAMS 0x0000000702a00000, 0x0000000702800000| Untracked 
|   7|0x0000000702a00000, 0x0000000702c00000, 0x0000000702c00000|100%| O|  |TAMS 0x0000000702c00000, 0x0000000702a00000| Untracked 
|   8|0x0000000702c00000, 0x0000000702e00000, 0x0000000702e00000|100%| O|  |TAMS 0x0000000702e00000, 0x0000000702c00000| Untracked 
|   9|0x0000000702e00000, 0x0000000703000000, 0x0000000703000000|100%| O|  |TAMS 0x0000000703000000, 0x0000000702e00000| Untracked 
|  10|0x0000000703000000, 0x0000000703200000, 0x0000000703200000|100%| O|  |TAMS 0x0000000703200000, 0x0000000703000000| Untracked 
|  11|0x0000000703200000, 0x0000000703200000, 0x0000000703400000|  0%| F|  |TAMS 0x0000000703200000, 0x0000000703200000| Untracked 
|  12|0x0000000703400000, 0x0000000703600000, 0x0000000703600000|100%| O|  |TAMS 0x000000070342c200, 0x0000000703400000| Untracked 
|  13|0x0000000703600000, 0x0000000703800000, 0x0000000703800000|100%| O|  |TAMS 0x0000000703600000, 0x0000000703600000| Untracked 
|  14|0x0000000703800000, 0x0000000703a00000, 0x0000000703a00000|100%| O|  |TAMS 0x0000000703800000, 0x0000000703800000| Untracked 
|  15|0x0000000703a00000, 0x0000000703a5c600, 0x0000000703c00000| 18%| O|  |TAMS 0x0000000703a00000, 0x0000000703a00000| Untracked 
|  16|0x0000000703c00000, 0x0000000703c00000, 0x0000000703e00000|  0%| F|  |TAMS 0x0000000703c00000, 0x0000000703c00000| Untracked 
|  17|0x0000000703e00000, 0x0000000703e00000, 0x0000000704000000|  0%| F|  |TAMS 0x0000000703e00000, 0x0000000703e00000| Untracked 
|  18|0x0000000704000000, 0x0000000704000000, 0x0000000704200000|  0%| F|  |TAMS 0x0000000704000000, 0x0000000704000000| Untracked 
|  19|0x0000000704200000, 0x0000000704200000, 0x0000000704400000|  0%| F|  |TAMS 0x0000000704200000, 0x0000000704200000| Untracked 
|  20|0x0000000704400000, 0x0000000704400000, 0x0000000704600000|  0%| F|  |TAMS 0x0000000704400000, 0x0000000704400000| Untracked 
|  21|0x0000000704600000, 0x0000000704600000, 0x0000000704800000|  0%| F|  |TAMS 0x0000000704600000, 0x0000000704600000| Untracked 
|  22|0x0000000704800000, 0x0000000704800000, 0x0000000704a00000|  0%| F|  |TAMS 0x0000000704800000, 0x0000000704800000| Untracked 
|  23|0x0000000704a00000, 0x0000000704a00000, 0x0000000704c00000|  0%| F|  |TAMS 0x0000000704a00000, 0x0000000704a00000| Untracked 
|  24|0x0000000704c00000, 0x0000000704c00000, 0x0000000704e00000|  0%| F|  |TAMS 0x0000000704c00000, 0x0000000704c00000| Untracked 
|  25|0x0000000704e00000, 0x0000000704e00000, 0x0000000705000000|  0%| F|  |TAMS 0x0000000704e00000, 0x0000000704e00000| Untracked 
|  26|0x0000000705000000, 0x0000000705000000, 0x0000000705200000|  0%| F|  |TAMS 0x0000000705000000, 0x0000000705000000| Untracked 
|  27|0x0000000705200000, 0x0000000705200000, 0x0000000705400000|  0%| F|  |TAMS 0x0000000705200000, 0x0000000705200000| Untracked 
|  28|0x0000000705400000, 0x0000000705400000, 0x0000000705600000|  0%| F|  |TAMS 0x0000000705400000, 0x0000000705400000| Untracked 
|  29|0x0000000705600000, 0x0000000705600000, 0x0000000705800000|  0%| F|  |TAMS 0x0000000705600000, 0x0000000705600000| Untracked 
|  30|0x0000000705800000, 0x0000000705800000, 0x0000000705a00000|  0%| F|  |TAMS 0x0000000705800000, 0x0000000705800000| Untracked 
|  31|0x0000000705a00000, 0x0000000705a00000, 0x0000000705c00000|  0%| F|  |TAMS 0x0000000705a00000, 0x0000000705a00000| Untracked 
|  32|0x0000000705c00000, 0x0000000705c00000, 0x0000000705e00000|  0%| F|  |TAMS 0x0000000705c00000, 0x0000000705c00000| Untracked 
|  33|0x0000000705e00000, 0x0000000705e00000, 0x0000000706000000|  0%| F|  |TAMS 0x0000000705e00000, 0x0000000705e00000| Untracked 
|  34|0x0000000706000000, 0x0000000706000000, 0x0000000706200000|  0%| F|  |TAMS 0x0000000706000000, 0x0000000706000000| Untracked 
|  35|0x0000000706200000, 0x0000000706200000, 0x0000000706400000|  0%| F|  |TAMS 0x0000000706200000, 0x0000000706200000| Untracked 
|  36|0x0000000706400000, 0x0000000706400000, 0x0000000706600000|  0%| F|  |TAMS 0x0000000706400000, 0x0000000706400000| Untracked 
|  37|0x0000000706600000, 0x0000000706600000, 0x0000000706800000|  0%| F|  |TAMS 0x0000000706600000, 0x0000000706600000| Untracked 
|  38|0x0000000706800000, 0x00000007069006a0, 0x0000000706a00000| 50%| E|  |TAMS 0x0000000706800000, 0x0000000706800000| Complete 
|  39|0x0000000706a00000, 0x0000000706c00000, 0x0000000706c00000|100%| E|CS|TAMS 0x0000000706a00000, 0x0000000706a00000| Complete 
|  40|0x0000000706c00000, 0x0000000706e00000, 0x0000000706e00000|100%| E|CS|TAMS 0x0000000706c00000, 0x0000000706c00000| Complete 
|  41|0x0000000706e00000, 0x0000000707000000, 0x0000000707000000|100%| E|CS|TAMS 0x0000000706e00000, 0x0000000706e00000| Complete 
|  42|0x0000000707000000, 0x0000000707200000, 0x0000000707200000|100%| E|CS|TAMS 0x0000000707000000, 0x0000000707000000| Complete 
|  43|0x0000000707200000, 0x0000000707400000, 0x0000000707400000|100%| E|CS|TAMS 0x0000000707200000, 0x0000000707200000| Complete 
|  44|0x0000000707400000, 0x0000000707600000, 0x0000000707600000|100%| E|CS|TAMS 0x0000000707400000, 0x0000000707400000| Complete 
|  45|0x0000000707600000, 0x0000000707800000, 0x0000000707800000|100%| E|CS|TAMS 0x0000000707600000, 0x0000000707600000| Complete 
|  46|0x0000000707800000, 0x0000000707a00000, 0x0000000707a00000|100%| E|CS|TAMS 0x0000000707800000, 0x0000000707800000| Complete 
|  47|0x0000000707a00000, 0x0000000707c00000, 0x0000000707c00000|100%| E|CS|TAMS 0x0000000707a00000, 0x0000000707a00000| Complete 
|  48|0x0000000707c00000, 0x0000000707e00000, 0x0000000707e00000|100%| E|CS|TAMS 0x0000000707c00000, 0x0000000707c00000| Complete 
|  49|0x0000000707e00000, 0x0000000708000000, 0x0000000708000000|100%| E|CS|TAMS 0x0000000707e00000, 0x0000000707e00000| Complete 
|  50|0x0000000708000000, 0x0000000708200000, 0x0000000708200000|100%| E|CS|TAMS 0x0000000708000000, 0x0000000708000000| Complete 
|  51|0x0000000708200000, 0x0000000708400000, 0x0000000708400000|100%| E|CS|TAMS 0x0000000708200000, 0x0000000708200000| Complete 
|  52|0x0000000708400000, 0x0000000708600000, 0x0000000708600000|100%| E|CS|TAMS 0x0000000708400000, 0x0000000708400000| Complete 
|  53|0x0000000708600000, 0x0000000708800000, 0x0000000708800000|100%| E|CS|TAMS 0x0000000708600000, 0x0000000708600000| Complete 
|  54|0x0000000708800000, 0x0000000708a00000, 0x0000000708a00000|100%| E|CS|TAMS 0x0000000708800000, 0x0000000708800000| Complete 
|  55|0x0000000708a00000, 0x0000000708c00000, 0x0000000708c00000|100%| E|CS|TAMS 0x0000000708a00000, 0x0000000708a00000| Complete 
|  56|0x0000000708c00000, 0x0000000708e00000, 0x0000000708e00000|100%| E|CS|TAMS 0x0000000708c00000, 0x0000000708c00000| Complete 
|  57|0x0000000708e00000, 0x0000000709000000, 0x0000000709000000|100%| E|CS|TAMS 0x0000000708e00000, 0x0000000708e00000| Complete 
|  58|0x0000000709000000, 0x0000000709200000, 0x0000000709200000|100%| E|CS|TAMS 0x0000000709000000, 0x0000000709000000| Complete 
|  59|0x0000000709200000, 0x0000000709400000, 0x0000000709400000|100%| E|CS|TAMS 0x0000000709200000, 0x0000000709200000| Complete 
|  60|0x0000000709400000, 0x0000000709600000, 0x0000000709600000|100%| E|CS|TAMS 0x0000000709400000, 0x0000000709400000| Complete 
|  61|0x0000000709600000, 0x0000000709800000, 0x0000000709800000|100%| E|CS|TAMS 0x0000000709600000, 0x0000000709600000| Complete 
|  62|0x0000000709800000, 0x0000000709a00000, 0x0000000709a00000|100%| E|CS|TAMS 0x0000000709800000, 0x0000000709800000| Complete 
|  63|0x0000000709a00000, 0x0000000709c00000, 0x0000000709c00000|100%| E|CS|TAMS 0x0000000709a00000, 0x0000000709a00000| Complete 
|  64|0x0000000709c00000, 0x0000000709e00000, 0x0000000709e00000|100%| E|CS|TAMS 0x0000000709c00000, 0x0000000709c00000| Complete 
|  65|0x0000000709e00000, 0x000000070a000000, 0x000000070a000000|100%| E|CS|TAMS 0x0000000709e00000, 0x0000000709e00000| Complete 
|  66|0x000000070a000000, 0x000000070a200000, 0x000000070a200000|100%| E|CS|TAMS 0x000000070a000000, 0x000000070a000000| Complete 
|  67|0x000000070a200000, 0x000000070a400000, 0x000000070a400000|100%| E|CS|TAMS 0x000000070a200000, 0x000000070a200000| Complete 
|  68|0x000000070a400000, 0x000000070a600000, 0x000000070a600000|100%| E|CS|TAMS 0x000000070a400000, 0x000000070a400000| Complete 
|  69|0x000000070a600000, 0x000000070a800000, 0x000000070a800000|100%| E|CS|TAMS 0x000000070a600000, 0x000000070a600000| Complete 
|  70|0x000000070a800000, 0x000000070aa00000, 0x000000070aa00000|100%| E|CS|TAMS 0x000000070a800000, 0x000000070a800000| Complete 
|  71|0x000000070aa00000, 0x000000070ac00000, 0x000000070ac00000|100%| E|CS|TAMS 0x000000070aa00000, 0x000000070aa00000| Complete 
|  72|0x000000070ac00000, 0x000000070ae00000, 0x000000070ae00000|100%| E|CS|TAMS 0x000000070ac00000, 0x000000070ac00000| Complete 
|  73|0x000000070ae00000, 0x000000070b000000, 0x000000070b000000|100%| E|CS|TAMS 0x000000070ae00000, 0x000000070ae00000| Complete 
| 105|0x000000070ee00000, 0x000000070f000000, 0x000000070f000000|100%| E|CS|TAMS 0x000000070ee00000, 0x000000070ee00000| Complete 
| 106|0x000000070f000000, 0x000000070f200000, 0x000000070f200000|100%| E|CS|TAMS 0x000000070f000000, 0x000000070f000000| Complete 
| 107|0x000000070f200000, 0x000000070f22a5a0, 0x000000070f400000|  8%| S|CS|TAMS 0x000000070f200000, 0x000000070f200000| Complete 
| 127|0x0000000711a00000, 0x0000000711c00000, 0x0000000711c00000|100%| E|CS|TAMS 0x0000000711a00000, 0x0000000711a00000| Complete 

Card table byte_map: [0x000001e079a00000,0x000001e07a200000] _byte_map_base: 0x000001e0761f2000

Marking Bits (Prev, Next): (CMBitMap*) 0x000001e06326bca0, (CMBitMap*) 0x000001e06326bce0
 Prev Bits: [0x000001e07aa00000, 0x000001e07e990000)
 Next Bits: [0x000001e000000000, 0x000001e003f90000)

Polling page: 0x000001e0630a0000

Metaspace:

Usage:
  Non-class:     27.87 MB used.
      Class:      3.80 MB used.
       Both:     31.68 MB used.

Virtual space:
  Non-class space:       64.00 MB reserved,      28.06 MB ( 44%) committed,  1 nodes.
      Class space:        1.00 GB reserved,       3.94 MB ( <1%) committed,  1 nodes.
             Both:        1.06 GB reserved,      32.00 MB (  3%) committed. 

Chunk freelists:
   Non-Class:  3.75 MB
       Class:  12.04 MB
        Both:  15.79 MB

MaxMetaspaceSize: unlimited
CompressedClassSpaceSize: 1.00 GB
Initial GC threshold: 21.00 MB
Current GC threshold: 53.12 MB
CDS: on
MetaspaceReclaimPolicy: balanced
 - commit_granule_bytes: 65536.
 - commit_granule_words: 8192.
 - virtual_space_node_default_size: 8388608.
 - enlarge_chunks_in_place: 1.
 - new_chunks_are_fully_committed: 0.
 - uncommit_free_chunks: 1.
 - use_allocation_guard: 0.
 - handle_deallocations: 1.


Internal statistics:

num_allocs_failed_limit: 3.
num_arena_births: 290.
num_arena_deaths: 0.
num_vsnodes_births: 2.
num_vsnodes_deaths: 0.
num_space_committed: 512.
num_space_uncommitted: 0.
num_chunks_returned_to_freelist: 3.
num_chunks_taken_from_freelist: 1282.
num_chunk_merges: 3.
num_chunk_splits: 879.
num_chunks_enlarged: 675.
num_inconsistent_stats: 0.

CodeHeap 'non-profiled nmethods': size=120000Kb used=2403Kb max_used=2403Kb free=117596Kb
 bounds [0x000001e071490000, 0x000001e071700000, 0x000001e0789c0000]
CodeHeap 'profiled nmethods': size=120000Kb used=9441Kb max_used=9441Kb free=110558Kb
 bounds [0x000001e0699c0000, 0x000001e06a300000, 0x000001e070ef0000]
CodeHeap 'non-nmethods': size=5760Kb used=1290Kb max_used=1372Kb free=4470Kb
 bounds [0x000001e070ef0000, 0x000001e071160000, 0x000001e071490000]
 total_blobs=5032 nmethods=4419 adapters=525
 compilation: enabled
              stopped_count=0, restarted_count=0
 full_count=0

Compilation events (20 events):
Event: 11.376 Thread 0x000001e04b01d360 nmethod 4398 0x000001e06a2e8b10 code [0x000001e06a2e8d00, 0x000001e06a2e9118]
Event: 11.376 Thread 0x000001e04b01d360 4399       3       java.util.stream.ReferencePipeline$4::opWrapSink (10 bytes)
Event: 11.377 Thread 0x000001e04b01d360 nmethod 4399 0x000001e06a2e9290 code [0x000001e06a2e9480, 0x000001e06a2e9a48]
Event: 11.377 Thread 0x000001e04b01d360 4400       3       java.util.stream.ReferencePipeline$4$1::<init> (11 bytes)
Event: 11.377 Thread 0x000001e04b01d360 nmethod 4400 0x000001e06a2e9c10 code [0x000001e06a2e9de0, 0x000001e06a2ea2e8]
Event: 11.377 Thread 0x000001e04b01d360 4401       3       java.util.stream.Nodes$IntFixedNodeBuilder::begin (52 bytes)
Event: 11.377 Thread 0x000001e04b01d360 nmethod 4401 0x000001e06a2ea490 code [0x000001e06a2ea740, 0x000001e06a2eb728]
Event: 11.377 Thread 0x000001e04b01d360 4402       3       java.util.stream.Nodes$IntFixedNodeBuilder::end (51 bytes)
Event: 11.377 Thread 0x000001e04b01ca50 4404       4       java.lang.StringConcatHelper::prepend (22 bytes)
Event: 11.378 Thread 0x000001e04c62d130 4405       4       java.util.TreeMap::put (221 bytes)
Event: 11.378 Thread 0x000001e04b01d360 nmethod 4402 0x000001e06a2ebc90 code [0x000001e06a2ebf60, 0x000001e06a2ed198]
Event: 11.378 Thread 0x000001e04b01d360 4403       3       java.util.stream.Nodes$IntFixedNodeBuilder::build (5 bytes)
Event: 11.378 Thread 0x000001e04b01d360 nmethod 4403 0x000001e06a2ed790 code [0x000001e06a2ed920, 0x000001e06a2eda68]
Event: 11.380 Thread 0x000001e04b01ca50 nmethod 4404 0x000001e0716e7210 code [0x000001e0716e73c0, 0x000001e0716e7878]
Event: 11.380 Thread 0x000001e04b01ca50 4406       4       java.util.TreeMap::put (8 bytes)
Event: 11.383 Thread 0x000001e04b01d360 4408       3       com.sonar.cpp.plugin.AbstractRulesDefinition$$Lambda$521/0x000001e0073f2e58::applyAsInt (8 bytes)
Event: 11.383 Thread 0x000001e04b01d360 nmethod 4408 0x000001e06a2edb10 code [0x000001e06a2edcc0, 0x000001e06a2edf88]
Event: 11.441 Thread 0x000001e04b01d360 4414       3       com.sonar.cpp.plugin.AbstractRulesDefinition::addPciDss (78 bytes)
Event: 11.443 Thread 0x000001e04b01d360 nmethod 4414 0x000001e06a2ee090 code [0x000001e06a2ee420, 0x000001e06a2efab8]
Event: 11.443 Thread 0x000001e04b01d360 4412       3       org.sonar.api.server.rule.internal.DefaultNewRule::addCwe (49 bytes)

GC Heap History (20 events):
Event: 4.057 GC heap before
{Heap before GC invocations=5 (full 0):
 garbage-first heap   total 55296K, used 17471K [0x0000000701c00000, 0x0000000800000000)
  region size 2048K, 3 young (6144K), 2 survivors (4096K)
 Metaspace       used 26725K, committed 27008K, reserved 1114112K
  class space    used 3222K, committed 3392K, reserved 1048576K
}
Event: 4.059 GC heap after
{Heap after GC invocations=6 (full 0):
 garbage-first heap   total 55296K, used 18215K [0x0000000701c00000, 0x0000000800000000)
  region size 2048K, 1 young (2048K), 1 survivors (2048K)
 Metaspace       used 26725K, committed 27008K, reserved 1114112K
  class space    used 3222K, committed 3392K, reserved 1048576K
}
Event: 9.722 GC heap before
{Heap before GC invocations=6 (full 0):
 garbage-first heap   total 55296K, used 32551K [0x0000000701c00000, 0x0000000800000000)
  region size 2048K, 9 young (18432K), 1 survivors (2048K)
 Metaspace       used 28733K, committed 29056K, reserved 1114112K
  class space    used 3447K, committed 3584K, reserved 1048576K
}
Event: 9.726 GC heap after
{Heap after GC invocations=7 (full 0):
 garbage-first heap   total 55296K, used 20821K [0x0000000701c00000, 0x0000000800000000)
  region size 2048K, 2 young (4096K), 2 survivors (4096K)
 Metaspace       used 28733K, committed 29056K, reserved 1114112K
  class space    used 3447K, committed 3584K, reserved 1048576K
}
Event: 10.330 GC heap before
{Heap before GC invocations=7 (full 0):
 garbage-first heap   total 55296K, used 33109K [0x0000000701c00000, 0x0000000800000000)
  region size 2048K, 9 young (18432K), 2 survivors (4096K)
 Metaspace       used 30770K, committed 31104K, reserved 1114112K
  class space    used 3730K, committed 3904K, reserved 1048576K
}
Event: 10.331 GC heap after
{Heap after GC invocations=8 (full 0):
 garbage-first heap   total 55296K, used 21775K [0x0000000701c00000, 0x0000000800000000)
  region size 2048K, 1 young (2048K), 1 survivors (2048K)
 Metaspace       used 30770K, committed 31104K, reserved 1114112K
  class space    used 3730K, committed 3904K, reserved 1048576K
}
Event: 10.563 GC heap before
{Heap before GC invocations=8 (full 0):
 garbage-first heap   total 55296K, used 36111K [0x0000000701c00000, 0x0000000800000000)
  region size 2048K, 8 young (16384K), 1 survivors (2048K)
 Metaspace       used 31634K, committed 31936K, reserved 1114112K
  class space    used 3835K, committed 3968K, reserved 1048576K
}
Event: 10.564 GC heap after
{Heap after GC invocations=9 (full 0):
 garbage-first heap   total 55296K, used 23359K [0x0000000701c00000, 0x0000000800000000)
  region size 2048K, 1 young (2048K), 1 survivors (2048K)
 Metaspace       used 31634K, committed 31936K, reserved 1114112K
  class space    used 3835K, committed 3968K, reserved 1048576K
}
Event: 10.670 GC heap before
{Heap before GC invocations=9 (full 0):
 garbage-first heap   total 55296K, used 39743K [0x0000000701c00000, 0x0000000800000000)
  region size 2048K, 9 young (18432K), 1 survivors (2048K)
 Metaspace       used 31698K, committed 32000K, reserved 1114112K
  class space    used 3835K, committed 3968K, reserved 1048576K
}
Event: 10.672 GC heap after
{Heap after GC invocations=10 (full 0):
 garbage-first heap   total 55296K, used 25029K [0x0000000701c00000, 0x0000000800000000)
  region size 2048K, 2 young (4096K), 2 survivors (4096K)
 Metaspace       used 31698K, committed 32000K, reserved 1114112K
  class space    used 3835K, committed 3968K, reserved 1048576K
}
Event: 10.838 GC heap before
{Heap before GC invocations=10 (full 0):
 garbage-first heap   total 55296K, used 39365K [0x0000000701c00000, 0x0000000800000000)
  region size 2048K, 9 young (18432K), 2 survivors (4096K)
 Metaspace       used 32270K, committed 32576K, reserved 1114112K
  class space    used 3886K, committed 4032K, reserved 1048576K
}
Event: 10.840 GC heap after
{Heap after GC invocations=11 (full 0):
 garbage-first heap   total 55296K, used 26410K [0x0000000701c00000, 0x0000000800000000)
  region size 2048K, 2 young (4096K), 2 survivors (4096K)
 Metaspace       used 32270K, committed 32576K, reserved 1114112K
  class space    used 3886K, committed 4032K, reserved 1048576K
}
Event: 10.977 GC heap before
{Heap before GC invocations=11 (full 0):
 garbage-first heap   total 55296K, used 40746K [0x0000000701c00000, 0x0000000800000000)
  region size 2048K, 9 young (18432K), 2 survivors (4096K)
 Metaspace       used 32334K, committed 32640K, reserved 1114112K
  class space    used 3886K, committed 4032K, reserved 1048576K
}
Event: 10.978 GC heap after
{Heap after GC invocations=12 (full 0):
 garbage-first heap   total 55296K, used 27180K [0x0000000701c00000, 0x0000000800000000)
  region size 2048K, 2 young (4096K), 2 survivors (4096K)
 Metaspace       used 32334K, committed 32640K, reserved 1114112K
  class space    used 3886K, committed 4032K, reserved 1048576K
}
Event: 11.004 GC heap before
{Heap before GC invocations=12 (full 0):
 garbage-first heap   total 55296K, used 37420K [0x0000000701c00000, 0x0000000800000000)
  region size 2048K, 8 young (16384K), 2 survivors (4096K)
 Metaspace       used 32340K, committed 32640K, reserved 1114112K
  class space    used 3886K, committed 4032K, reserved 1048576K
}
Event: 11.005 GC heap after
{Heap after GC invocations=13 (full 0):
 garbage-first heap   total 55296K, used 28415K [0x0000000701c00000, 0x0000000800000000)
  region size 2048K, 1 young (2048K), 1 survivors (2048K)
 Metaspace       used 32340K, committed 32640K, reserved 1114112K
  class space    used 3886K, committed 4032K, reserved 1048576K
}
Event: 11.137 GC heap before
{Heap before GC invocations=14 (full 0):
 garbage-first heap   total 55296K, used 42751K [0x0000000701c00000, 0x0000000800000000)
  region size 2048K, 8 young (16384K), 1 survivors (2048K)
 Metaspace       used 32378K, committed 32704K, reserved 1114112K
  class space    used 3888K, committed 4032K, reserved 1048576K
}
Event: 11.138 GC heap after
{Heap after GC invocations=15 (full 0):
 garbage-first heap   total 55296K, used 29580K [0x0000000701c00000, 0x0000000800000000)
  region size 2048K, 1 young (2048K), 1 survivors (2048K)
 Metaspace       used 32378K, committed 32704K, reserved 1114112K
  class space    used 3888K, committed 4032K, reserved 1048576K
}
Event: 11.146 GC heap before
{Heap before GC invocations=15 (full 0):
 garbage-first heap   total 55296K, used 31628K [0x0000000701c00000, 0x0000000800000000)
  region size 2048K, 2 young (4096K), 1 survivors (2048K)
 Metaspace       used 32378K, committed 32704K, reserved 1114112K
  class space    used 3888K, committed 4032K, reserved 1048576K
}
Event: 11.148 GC heap after
{Heap after GC invocations=16 (full 0):
 garbage-first heap   total 159744K, used 29210K [0x0000000701c00000, 0x0000000800000000)
  region size 2048K, 1 young (2048K), 1 survivors (2048K)
 Metaspace       used 32378K, committed 32704K, reserved 1114112K
  class space    used 3888K, committed 4032K, reserved 1048576K
}

Dll operation events (10 events):
Event: 0.091 Loaded shared library C:\USERS\DIANA\APPDATA\LOCAL\MICROSOFT\VISUALSTUDIO\17.0_475B5EF5\EXTENSIONS\TRXGSZSJ.FRI\Sloop\jre\bin\java.dll
Event: 0.244 Loaded shared library C:\USERS\DIANA\APPDATA\LOCAL\MICROSOFT\VISUALSTUDIO\17.0_475B5EF5\EXTENSIONS\TRXGSZSJ.FRI\Sloop\jre\bin\jsvml.dll
Event: 0.342 Loaded shared library C:\Users\Diana\AppData\Local\Microsoft\VisualStudio\17.0_475b5ef5\Extensions\trxgszsj.fri\Sloop\jre\bin\net.dll
Event: 0.345 Loaded shared library C:\Users\Diana\AppData\Local\Microsoft\VisualStudio\17.0_475b5ef5\Extensions\trxgszsj.fri\Sloop\jre\bin\nio.dll
Event: 0.353 Loaded shared library C:\Users\Diana\AppData\Local\Microsoft\VisualStudio\17.0_475b5ef5\Extensions\trxgszsj.fri\Sloop\jre\bin\zip.dll
Event: 0.453 Loaded shared library C:\USERS\DIANA\APPDATA\LOCAL\MICROSOFT\VISUALSTUDIO\17.0_475B5EF5\EXTENSIONS\TRXGSZSJ.FRI\Sloop\jre\bin\verify.dll
Event: 0.548 Loaded shared library C:\Users\Diana\AppData\Local\Microsoft\VisualStudio\17.0_475b5ef5\Extensions\trxgszsj.fri\Sloop\jre\bin\jimage.dll
Event: 2.159 Loaded shared library C:\Users\Diana\AppData\Local\Microsoft\VisualStudio\17.0_475b5ef5\Extensions\trxgszsj.fri\Sloop\jre\bin\sunmscapi.dll
Event: 3.518 Loaded shared library C:\Users\Diana\AppData\Local\Microsoft\VisualStudio\17.0_475b5ef5\Extensions\trxgszsj.fri\Sloop\jre\bin\management.dll
Event: 3.538 Loaded shared library C:\Users\Diana\AppData\Local\Microsoft\VisualStudio\17.0_475b5ef5\Extensions\trxgszsj.fri\Sloop\jre\bin\management_ext.dll

Deoptimization events (20 events):
Event: 10.982 Thread 0x000001e04c237940 DEOPT PACKING pc=0x000001e06a13e1d6 sp=0x000000d29e0fccd0
Event: 10.982 Thread 0x000001e04c237940 DEOPT UNPACKING pc=0x000001e070f47143 sp=0x000000d29e0fc1d0 mode 0
Event: 10.993 Thread 0x000001e04c237940 DEOPT PACKING pc=0x000001e06a13e1d6 sp=0x000000d29e0fccd0
Event: 10.993 Thread 0x000001e04c237940 DEOPT UNPACKING pc=0x000001e070f47143 sp=0x000000d29e0fc1d0 mode 0
Event: 10.997 Thread 0x000001e04c237940 DEOPT PACKING pc=0x000001e06a13e1d6 sp=0x000000d29e0fccd0
Event: 10.997 Thread 0x000001e04c237940 DEOPT UNPACKING pc=0x000001e070f47143 sp=0x000000d29e0fc1d0 mode 0
Event: 10.998 Thread 0x000001e04c237940 DEOPT PACKING pc=0x000001e06a13e1d6 sp=0x000000d29e0fcd30
Event: 10.998 Thread 0x000001e04c237940 DEOPT UNPACKING pc=0x000001e070f47143 sp=0x000000d29e0fc208 mode 0
Event: 11.040 Thread 0x000001e04c237940 DEOPT PACKING pc=0x000001e06a13e1d6 sp=0x000000d29e0fcd60
Event: 11.040 Thread 0x000001e04c237940 DEOPT UNPACKING pc=0x000001e070f47143 sp=0x000000d29e0fc238 mode 0
Event: 11.053 Thread 0x000001e04c237940 Uncommon trap: trap_request=0xffffffdc fr.pc=0x000001e07169baf4 relative=0x0000000000000254
Event: 11.053 Thread 0x000001e04c237940 Uncommon trap: reason=class_check action=make_not_entrant pc=0x000001e07169baf4 method=java.util.ArrayList.toArray([Ljava/lang/Object;)[Ljava/lang/Object; @ 21 c2
Event: 11.053 Thread 0x000001e04c237940 DEOPT PACKING pc=0x000001e07169baf4 sp=0x000000d29e0fc600
Event: 11.053 Thread 0x000001e04c237940 DEOPT UNPACKING pc=0x000001e070f469a3 sp=0x000000d29e0fc5d0 mode 2
Event: 11.228 Thread 0x000001e04c237940 DEOPT PACKING pc=0x000001e0699f47e4 sp=0x000000d29e0fcec0
Event: 11.228 Thread 0x000001e04c237940 DEOPT UNPACKING pc=0x000001e070f47143 sp=0x000000d29e0fc3d8 mode 0
Event: 11.230 Thread 0x000001e04c237940 DEOPT PACKING pc=0x000001e0699f47e4 sp=0x000000d29e0fcec0
Event: 11.230 Thread 0x000001e04c237940 DEOPT UNPACKING pc=0x000001e070f47143 sp=0x000000d29e0fc3d8 mode 0
Event: 11.240 Thread 0x000001e04c237940 DEOPT PACKING pc=0x000001e0699f47e4 sp=0x000000d29e0fcec0
Event: 11.240 Thread 0x000001e04c237940 DEOPT UNPACKING pc=0x000001e070f47143 sp=0x000000d29e0fc3d8 mode 0

Classes unloaded (0 events):
No events

Classes redefined (0 events):
No events

Internal exceptions (20 events):
Event: 3.948 Thread 0x000001e04b017b00 Exception <a 'java/lang/NoSuchMethodError'{0x0000000703229dc0}: 'java.lang.Object java.lang.invoke.DirectMethodHandle$Holder.newInvokeSpecial(java.lang.Object, java.lang.Object, java.lang.Object, int, java.lang.Object)'> (0x0000000703229dc0) 
thrown [s\src\hotspot\share\interpreter\linkResolver.cpp, line 759]
Event: 3.950 Thread 0x000001e04b017b00 Exception <a 'java/lang/NoSuchMethodError'{0x0000000703231c28}: 'java.lang.Object java.lang.invoke.Invokers$Holder.linkToTargetMethod(java.lang.Object, java.lang.Object, int, java.lang.Object, java.lang.Object)'> (0x0000000703231c28) 
thrown [s\src\hotspot\share\interpreter\linkResolver.cpp, line 759]
Event: 4.051 Thread 0x000001e04b017b00 Exception <a 'java/lang/NoSuchMethodError'{0x0000000711b922d0}: 'int java.lang.invoke.DirectMethodHandle$Holder.invokeVirtual(java.lang.Object, java.lang.Object, java.lang.Object, java.lang.Object)'> (0x0000000711b922d0) 
thrown [s\src\hotspot\share\interpreter\linkResolver.cpp, line 759]
Event: 4.108 Thread 0x000001e04b017b00 Exception <a 'java/lang/NoSuchMethodError'{0x000000070f02e148}: 'java.lang.Object java.lang.invoke.DirectMethodHandle$Holder.newInvokeSpecial(java.lang.Object, java.lang.Object, int, java.lang.Object, java.lang.Object)'> (0x000000070f02e148) 
thrown [s\src\hotspot\share\interpreter\linkResolver.cpp, line 759]
Event: 4.115 Thread 0x000001e04b017b00 Exception <a 'java/lang/NoSuchMethodError'{0x000000070f070620}: 'java.lang.Object java.lang.invoke.DirectMethodHandle$Holder.invokeVirtual(java.lang.Object, java.lang.Object, java.lang.Object)'> (0x000000070f070620) 
thrown [s\src\hotspot\share\interpreter\linkResolver.cpp, line 759]
Event: 4.867 Thread 0x000001e04b017b00 Exception <a 'java/lang/NoSuchMethodError'{0x0000000704803388}: 'int java.lang.invoke.DirectMethodHandle$Holder.invokeStatic(java.lang.Object, java.lang.Object, int)'> (0x0000000704803388) 
thrown [s\src\hotspot\share\interpreter\linkResolver.cpp, line 759]
Event: 4.900 Thread 0x000001e04b017b00 Exception <a 'java/lang/NoSuchMethodError'{0x000000070483a6c8}: 'void java.lang.invoke.DirectMethodHandle$Holder.invokeStatic(java.lang.Object, long)'> (0x000000070483a6c8) 
thrown [s\src\hotspot\share\interpreter\linkResolver.cpp, line 759]
Event: 4.900 Thread 0x000001e04b017b00 Exception <a 'java/lang/NoSuchMethodError'{0x000000070483fd18}: 'java.lang.Object java.lang.invoke.DirectMethodHandle$Holder.newInvokeSpecial(java.lang.Object, long)'> (0x000000070483fd18) 
thrown [s\src\hotspot\share\interpreter\linkResolver.cpp, line 759]
Event: 4.902 Thread 0x000001e04b017b00 Exception <a 'java/lang/NoSuchMethodError'{0x0000000704846890}: 'java.lang.Object java.lang.invoke.DirectMethodHandle$Holder.invokeStatic(java.lang.Object, java.lang.Object, long, java.lang.Object)'> (0x0000000704846890) 
thrown [s\src\hotspot\share\interpreter\linkResolver.cpp, line 759]
Event: 4.902 Thread 0x000001e04b017b00 Exception <a 'java/lang/NoSuchMethodError'{0x000000070484a5d0}: 'java.lang.Object java.lang.invoke.DirectMethodHandle$Holder.invokeStaticInit(java.lang.Object, java.lang.Object, long, java.lang.Object)'> (0x000000070484a5d0) 
thrown [s\src\hotspot\share\interpreter\linkResolver.cpp, line 759]
Event: 4.903 Thread 0x000001e04b017b00 Exception <a 'java/lang/NoSuchMethodError'{0x0000000704850900}: 'java.lang.Object java.lang.invoke.DirectMethodHandle$Holder.newInvokeSpecial(java.lang.Object, java.lang.Object, long)'> (0x0000000704850900) 
thrown [s\src\hotspot\share\interpreter\linkResolver.cpp, line 759]
Event: 4.903 Thread 0x000001e04b017b00 Exception <a 'java/lang/NoSuchMethodError'{0x0000000704854718}: 'java.lang.Object java.lang.invoke.Invokers$Holder.linkToTargetMethod(java.lang.Object, long, java.lang.Object)'> (0x0000000704854718) 
thrown [s\src\hotspot\share\interpreter\linkResolver.cpp, line 759]
Event: 9.218 Thread 0x000001e04b017b00 Exception <a 'java/lang/NoSuchMethodError'{0x00000007047b08b0}: 'int java.lang.invoke.DirectMethodHandle$Holder.invokeSpecialIFC(java.lang.Object, java.lang.Object, java.lang.Object)'> (0x00000007047b08b0) 
thrown [s\src\hotspot\share\interpreter\linkResolver.cpp, line 759]
Event: 9.261 Thread 0x000001e04b017b00 Exception <a 'java/lang/NoSuchMethodError'{0x000000070429eb60}: 'void java.lang.invoke.DirectMethodHandle$Holder.invokeStaticInit(java.lang.Object, java.lang.Object, java.lang.Object)'> (0x000000070429eb60) 
thrown [s\src\hotspot\share\interpreter\linkResolver.cpp, line 759]
Event: 9.273 Thread 0x000001e04b017b00 Implicit null exception at 0x000001e07157a660 to 0x000001e07157a866
Event: 9.296 Thread 0x000001e04b017b00 Implicit null exception at 0x000001e071595e33 to 0x000001e071595e58
Event: 9.303 Thread 0x000001e04b017b00 Exception <a 'sun/nio/fs/WindowsException'{0x000000070437f6d0}> (0x000000070437f6d0) 
thrown [s\src\hotspot\share\prims\jni.cpp, line 516]
Event: 9.311 Thread 0x000001e04b017b00 Exception <a 'sun/nio/fs/WindowsException'{0x0000000704389910}> (0x0000000704389910) 
thrown [s\src\hotspot\share\prims\jni.cpp, line 516]
Event: 9.381 Thread 0x000001e04b017b00 Exception <a 'java/lang/NoSuchMethodError'{0x0000000704128af8}: 'int java.lang.invoke.DirectMethodHandle$Holder.invokeVirtual(java.lang.Object, java.lang.Object, java.lang.Object)'> (0x0000000704128af8) 
thrown [s\src\hotspot\share\interpreter\linkResolver.cpp, line 759]
Event: 10.467 Thread 0x000001e04c237940 Exception <a 'java/lang/IncompatibleClassChangeError'{0x000000070f0daa00}: Found class java.lang.Object, but interface was expected> (0x000000070f0daa00) 
thrown [s\src\hotspot\share\interpreter\linkResolver.cpp, line 826]

VM Operations (20 events):
Event: 10.401 Executing VM operation: HandshakeAllThreads
Event: 10.401 Executing VM operation: HandshakeAllThreads done
Event: 10.563 Executing VM operation: G1CollectForAllocation
Event: 10.564 Executing VM operation: G1CollectForAllocation done
Event: 10.670 Executing VM operation: G1CollectForAllocation
Event: 10.672 Executing VM operation: G1CollectForAllocation done
Event: 10.838 Executing VM operation: G1CollectForAllocation
Event: 10.840 Executing VM operation: G1CollectForAllocation done
Event: 10.977 Executing VM operation: G1CollectForAllocation
Event: 10.978 Executing VM operation: G1CollectForAllocation done
Event: 11.004 Executing VM operation: G1CollectForAllocation
Event: 11.005 Executing VM operation: G1CollectForAllocation done
Event: 11.019 Executing VM operation: G1PauseRemark
Event: 11.021 Executing VM operation: G1PauseRemark done
Event: 11.027 Executing VM operation: G1PauseCleanup
Event: 11.028 Executing VM operation: G1PauseCleanup done
Event: 11.137 Executing VM operation: G1CollectForAllocation
Event: 11.138 Executing VM operation: G1CollectForAllocation done
Event: 11.146 Executing VM operation: G1CollectForAllocation
Event: 11.148 Executing VM operation: G1CollectForAllocation done

Events (20 events):
Event: 10.071 loading class javax/xml/stream/XMLEventReader
Event: 10.071 loading class javax/xml/stream/XMLEventReader done
Event: 10.214 Thread 0x000001e04d1f03a0 Thread exited: 0x000001e04d1f03a0
Event: 10.393 Thread 0x000001e04c62d130 Thread added: 0x000001e04c62d130
Event: 10.439 loading class java/util/ImmutableCollections$Access
Event: 10.439 loading class java/util/ImmutableCollections$Access done
Event: 10.439 loading class java/util/ImmutableCollections$Access$1
Event: 10.439 loading class jdk/internal/access/JavaUtilCollectionAccess
Event: 10.440 loading class jdk/internal/access/JavaUtilCollectionAccess done
Event: 10.440 loading class java/util/ImmutableCollections$Access$1 done
Event: 10.478 loading class java/util/stream/ReferencePipeline$4
Event: 10.478 loading class java/util/stream/ReferencePipeline$4 done
Event: 10.478 loading class java/util/stream/Nodes$IntFixedNodeBuilder
Event: 10.479 loading class java/util/stream/Node$Builder$OfInt
Event: 10.479 loading class java/util/stream/Node$Builder$OfInt done
Event: 10.479 loading class java/util/stream/Nodes$IntArrayNode
Event: 10.479 loading class java/util/stream/Nodes$IntArrayNode done
Event: 10.479 loading class java/util/stream/Nodes$IntFixedNodeBuilder done
Event: 10.480 loading class java/util/stream/ReferencePipeline$4$1
Event: 10.480 loading class java/util/stream/ReferencePipeline$4$1 done


Dynamic libraries:
0x00007ff7b12b0000 - 0x00007ff7b12be000 	C:\USERS\DIANA\APPDATA\LOCAL\MICROSOFT\VISUALSTUDIO\17.0_475B5EF5\EXTENSIONS\TRXGSZSJ.FRI\Sloop\jre\bin\java.exe
0x00007ffbf4fd0000 - 0x00007ffbf51c8000 	C:\WINDOWS\SYSTEM32\ntdll.dll
0x00007ffbf4b60000 - 0x00007ffbf4c22000 	C:\WINDOWS\System32\KERNEL32.DLL
0x00007ffbf26e0000 - 0x00007ffbf29de000 	C:\WINDOWS\System32\KERNELBASE.dll
0x00007ffbd0650000 - 0x00007ffbd0674000 	C:\WINDOWS\System32\ghijt64win10.dll
0x00007ffbf3c30000 - 0x00007ffbf3ce1000 	C:\WINDOWS\System32\ADVAPI32.dll
0x00007ffbf3d90000 - 0x00007ffbf3e2e000 	C:\WINDOWS\System32\msvcrt.dll
0x00007ffbf3cf0000 - 0x00007ffbf3d8f000 	C:\WINDOWS\System32\sechost.dll
0x00007ffbf4870000 - 0x00007ffbf4993000 	C:\WINDOWS\System32\RPCRT4.dll
0x00007ffbf29e0000 - 0x00007ffbf2a07000 	C:\WINDOWS\System32\bcrypt.dll
0x00007ffbf2a10000 - 0x00007ffbf2b10000 	C:\WINDOWS\System32\ucrtbase.dll
0x00007ffb113a0000 - 0x00007ffb113b7000 	C:\USERS\DIANA\APPDATA\LOCAL\MICROSOFT\VISUALSTUDIO\17.0_475B5EF5\EXTENSIONS\TRXGSZSJ.FRI\Sloop\jre\bin\jli.dll
0x00007ffbf4150000 - 0x00007ffbf42ed000 	C:\WINDOWS\System32\USER32.dll
0x00007ffbf2e70000 - 0x00007ffbf2e92000 	C:\WINDOWS\System32\win32u.dll
0x00007ffbf4840000 - 0x00007ffbf486b000 	C:\WINDOWS\System32\GDI32.dll
0x00007ffbf2d00000 - 0x00007ffbf2e17000 	C:\WINDOWS\System32\gdi32full.dll
0x00007ffbf2f50000 - 0x00007ffbf2fed000 	C:\WINDOWS\System32\msvcp_win.dll
0x00007ffbe1c70000 - 0x00007ffbe1f0a000 	C:\WINDOWS\WinSxS\amd64_microsoft.windows.common-controls_6595b64144ccf1df_6.0.19041.4355_none_60b8b9eb71f62e16\COMCTL32.dll
0x00007ffb11380000 - 0x00007ffb1139b000 	C:\USERS\DIANA\APPDATA\LOCAL\MICROSOFT\VISUALSTUDIO\17.0_475B5EF5\EXTENSIONS\TRXGSZSJ.FRI\Sloop\jre\bin\VCRUNTIME140.dll
0x00007ffbf44d0000 - 0x00007ffbf44ff000 	C:\WINDOWS\System32\IMM32.DLL
0x00007ffbbf700000 - 0x00007ffbbf70c000 	C:\USERS\DIANA\APPDATA\LOCAL\MICROSOFT\VISUALSTUDIO\17.0_475B5EF5\EXTENSIONS\TRXGSZSJ.FRI\Sloop\jre\bin\vcruntime140_1.dll
0x00007ffb112f0000 - 0x00007ffb1137d000 	C:\USERS\DIANA\APPDATA\LOCAL\MICROSOFT\VISUALSTUDIO\17.0_475B5EF5\EXTENSIONS\TRXGSZSJ.FRI\Sloop\jre\bin\msvcp140.dll
0x00007ffb10660000 - 0x00007ffb112c1000 	C:\USERS\DIANA\APPDATA\LOCAL\MICROSOFT\VISUALSTUDIO\17.0_475B5EF5\EXTENSIONS\TRXGSZSJ.FRI\Sloop\jre\bin\server\jvm.dll
0x00007ffbf2200000 - 0x00007ffbf224b000 	C:\WINDOWS\SYSTEM32\POWRPROF.dll
0x00007ffbdf6b0000 - 0x00007ffbdf6b9000 	C:\WINDOWS\SYSTEM32\WSOCK32.dll
0x00007ffbf4080000 - 0x00007ffbf40eb000 	C:\WINDOWS\System32\WS2_32.dll
0x00007ffbe1700000 - 0x00007ffbe1727000 	C:\WINDOWS\SYSTEM32\WINMM.dll
0x00007ffbee0d0000 - 0x00007ffbee0da000 	C:\WINDOWS\SYSTEM32\VERSION.dll
0x00007ffbf21e0000 - 0x00007ffbf21f2000 	C:\WINDOWS\SYSTEM32\UMPDC.dll
0x00007ffbf0ee0000 - 0x00007ffbf0ef2000 	C:\WINDOWS\SYSTEM32\kernel.appcore.dll
0x00007ffbbabd0000 - 0x00007ffbbabda000 	C:\USERS\DIANA\APPDATA\LOCAL\MICROSOFT\VISUALSTUDIO\17.0_475B5EF5\EXTENSIONS\TRXGSZSJ.FRI\Sloop\jre\bin\jimage.dll
0x00007ffbf0a10000 - 0x00007ffbf0bf4000 	C:\WINDOWS\SYSTEM32\DBGHELP.DLL
0x00007ffbdfc80000 - 0x00007ffbdfcb4000 	C:\WINDOWS\SYSTEM32\dbgcore.DLL
0x00007ffbf2b10000 - 0x00007ffbf2b92000 	C:\WINDOWS\System32\bcryptPrimitives.dll
0x00007ffb10630000 - 0x00007ffb10655000 	C:\USERS\DIANA\APPDATA\LOCAL\MICROSOFT\VISUALSTUDIO\17.0_475B5EF5\EXTENSIONS\TRXGSZSJ.FRI\Sloop\jre\bin\java.dll
0x00007ffb0f480000 - 0x00007ffb0f557000 	C:\USERS\DIANA\APPDATA\LOCAL\MICROSOFT\VISUALSTUDIO\17.0_475B5EF5\EXTENSIONS\TRXGSZSJ.FRI\Sloop\jre\bin\jsvml.dll
0x00007ffbf3460000 - 0x00007ffbf3bcd000 	C:\WINDOWS\System32\SHELL32.dll
0x00007ffbf0250000 - 0x00007ffbf09f4000 	C:\WINDOWS\SYSTEM32\windows.storage.dll
0x00007ffbf4c30000 - 0x00007ffbf4f83000 	C:\WINDOWS\System32\combase.dll
0x00007ffbf1fd0000 - 0x00007ffbf1ffe000 	C:\WINDOWS\SYSTEM32\Wldp.dll
0x00007ffbf3e90000 - 0x00007ffbf3f5d000 	C:\WINDOWS\System32\OLEAUT32.dll
0x00007ffbf4420000 - 0x00007ffbf44cd000 	C:\WINDOWS\System32\SHCORE.dll
0x00007ffbf40f0000 - 0x00007ffbf4145000 	C:\WINDOWS\System32\shlwapi.dll
0x00007ffbf25a0000 - 0x00007ffbf25c4000 	C:\WINDOWS\SYSTEM32\profapi.dll
0x00007ffb0f460000 - 0x00007ffb0f479000 	C:\Users\Diana\AppData\Local\Microsoft\VisualStudio\17.0_475b5ef5\Extensions\trxgszsj.fri\Sloop\jre\bin\net.dll
0x00007ffbec2d0000 - 0x00007ffbec3dd000 	C:\WINDOWS\SYSTEM32\WINHTTP.dll
0x00007ffbf1d30000 - 0x00007ffbf1d9a000 	C:\WINDOWS\system32\mswsock.dll
0x00007ffb0f440000 - 0x00007ffb0f456000 	C:\Users\Diana\AppData\Local\Microsoft\VisualStudio\17.0_475b5ef5\Extensions\trxgszsj.fri\Sloop\jre\bin\nio.dll
0x00007ffb0f420000 - 0x00007ffb0f438000 	C:\Users\Diana\AppData\Local\Microsoft\VisualStudio\17.0_475b5ef5\Extensions\trxgszsj.fri\Sloop\jre\bin\zip.dll
0x00007ffbbab90000 - 0x00007ffbbaba0000 	C:\USERS\DIANA\APPDATA\LOCAL\MICROSOFT\VISUALSTUDIO\17.0_475B5EF5\EXTENSIONS\TRXGSZSJ.FRI\Sloop\jre\bin\verify.dll
0x00007ffbaf2e0000 - 0x00007ffbaf2ee000 	C:\Users\Diana\AppData\Local\Microsoft\VisualStudio\17.0_475b5ef5\Extensions\trxgszsj.fri\Sloop\jre\bin\sunmscapi.dll
0x00007ffbf2ba0000 - 0x00007ffbf2cfc000 	C:\WINDOWS\System32\CRYPT32.dll
0x00007ffbf20a0000 - 0x00007ffbf20c7000 	C:\WINDOWS\SYSTEM32\ncrypt.dll
0x00007ffbf2060000 - 0x00007ffbf209b000 	C:\WINDOWS\SYSTEM32\NTASN1.dll
0x00007ffbf1f30000 - 0x00007ffbf1f48000 	C:\WINDOWS\SYSTEM32\CRYPTSP.dll
0x00007ffbf1650000 - 0x00007ffbf1684000 	C:\WINDOWS\system32\rsaenh.dll
0x00007ffbf2560000 - 0x00007ffbf258e000 	C:\WINDOWS\SYSTEM32\USERENV.dll
0x00007ffbf1f20000 - 0x00007ffbf1f2c000 	C:\WINDOWS\SYSTEM32\CRYPTBASE.dll
0x00007ffbf1a10000 - 0x00007ffbf1a4b000 	C:\WINDOWS\SYSTEM32\IPHLPAPI.DLL
0x00007ffbf49a0000 - 0x00007ffbf49a8000 	C:\WINDOWS\System32\NSI.dll
0x00007ffbec9f0000 - 0x00007ffbeca07000 	C:\WINDOWS\SYSTEM32\dhcpcsvc6.DLL
0x00007ffbece60000 - 0x00007ffbece7d000 	C:\WINDOWS\SYSTEM32\dhcpcsvc.DLL
0x00007ffbf1a50000 - 0x00007ffbf1b1a000 	C:\WINDOWS\SYSTEM32\DNSAPI.dll
0x00007ffbe2750000 - 0x00007ffbe2757000 	C:\WINDOWS\system32\wshunix.dll
0x00007ffbdf540000 - 0x00007ffbdf557000 	C:\WINDOWS\system32\napinsp.dll
0x00007ffbdf520000 - 0x00007ffbdf53b000 	C:\WINDOWS\system32\pnrpnsp.dll
0x00007ffbdf500000 - 0x00007ffbdf515000 	C:\WINDOWS\system32\wshbth.dll
0x00007ffbedd30000 - 0x00007ffbedd4d000 	C:\WINDOWS\system32\NLAapi.dll
0x00007ffbdf480000 - 0x00007ffbdf492000 	C:\WINDOWS\System32\winrnr.dll
0x00007ffbeb6c0000 - 0x00007ffbeb6ca000 	C:\Windows\System32\rasadhlp.dll
0x00007ffbe5360000 - 0x00007ffbe53e0000 	C:\WINDOWS\System32\fwpuclnt.dll
0x00007ffbadf70000 - 0x00007ffbadf79000 	C:\Users\Diana\AppData\Local\Microsoft\VisualStudio\17.0_475b5ef5\Extensions\trxgszsj.fri\Sloop\jre\bin\management.dll
0x00007ffbade40000 - 0x00007ffbade4b000 	C:\Users\Diana\AppData\Local\Microsoft\VisualStudio\17.0_475b5ef5\Extensions\trxgszsj.fri\Sloop\jre\bin\management_ext.dll
0x00007ffbf47a0000 - 0x00007ffbf47a8000 	C:\WINDOWS\System32\PSAPI.DLL

dbghelp: loaded successfully - version: 4.0.5 - missing functions: none
symbol engine: initialized successfully - sym options: 0x614 - pdb path: .;C:\USERS\DIANA\APPDATA\LOCAL\MICROSOFT\VISUALSTUDIO\17.0_475B5EF5\EXTENSIONS\TRXGSZSJ.FRI\Sloop\jre\bin;C:\WINDOWS\SYSTEM32;C:\WINDOWS\WinSxS\amd64_microsoft.windows.common-controls_6595b64144ccf1df_6.0.19041.4355_none_60b8b9eb71f62e16;C:\USERS\DIANA\APPDATA\LOCAL\MICROSOFT\VISUALSTUDIO\17.0_475B5EF5\EXTENSIONS\TRXGSZSJ.FRI\Sloop\jre\bin\server

VM Arguments:
java_command: org.sonarsource.sonarlint.core.backend.cli.SonarLintServerCli
java_class_path (initial): C:\USERS\DIANA\APPDATA\LOCAL\MICROSOFT\VISUALSTUDIO\17.0_475B5EF5\EXTENSIONS\TRXGSZSJ.FRI\Sloop\lib\annotations-13.0.jar;C:\USERS\DIANA\APPDATA\LOCAL\MICROSOFT\VISUALSTUDIO\17.0_475B5EF5\EXTENSIONS\TRXGSZSJ.FRI\Sloop\lib\checker-qual-3.33.0.jar;C:\USERS\DIANA\APPDATA\LOCAL\MICROSOFT\VISUALSTUDIO\17.0_475B5EF5\EXTENSIONS\TRXGSZSJ.FRI\Sloop\lib\commons-codec-1.15.jar;C:\USERS\DIANA\APPDATA\LOCAL\MICROSOFT\VISUALSTUDIO\17.0_475B5EF5\EXTENSIONS\TRXGSZSJ.FRI\Sloop\lib\commons-compress-1.26.1.jar;C:\USERS\DIANA\APPDATA\LOCAL\MICROSOFT\VISUALSTUDIO\17.0_475B5EF5\EXTENSIONS\TRXGSZSJ.FRI\Sloop\lib\commons-csv-1.10.0.jar;C:\USERS\DIANA\APPDATA\LOCAL\MICROSOFT\VISUALSTUDIO\17.0_475B5EF5\EXTENSIONS\TRXGSZSJ.FRI\Sloop\lib\commons-io-2.16.1.jar;C:\USERS\DIANA\APPDATA\LOCAL\MICROSOFT\VISUALSTUDIO\17.0_475B5EF5\EXTENSIONS\TRXGSZSJ.FRI\Sloop\lib\commons-lang-2.6.jar;C:\USERS\DIANA\APPDATA\LOCAL\MICROSOFT\VISUALSTUDIO\17.0_475B5EF5\EXTENSIONS\TRXGSZSJ.FRI\Sloop\lib\commons-lang3-3.12.0.jar;C:\USERS\DIANA\APPDATA\LOCAL\MICROSOFT\VISUALSTUDIO\17.0_475B5EF5\EXTENSIONS\TRXGSZSJ.FRI\Sloop\lib\error_prone_annotations-2.18.0.jar;C:\USERS\DIANA\APPDATA\LOCAL\MICROSOFT\VISUALSTUDIO\17.0_475B5EF5\EXTENSIONS\TRXGSZSJ.FRI\Sloop\lib\failureaccess-1.0.1.jar;C:\USERS\DIANA\APPDATA\LOCAL\MICROSOFT\VISUALSTUDIO\17.0_475B5EF5\EXTENSIONS\TRXGSZSJ.FRI\Sloop\lib\git-files-blame-1.1.0.1835.jar;C:\USERS\DIANA\APPDATA\LOCAL\MICROSOFT\VISUALSTUDIO\17.0_475B5EF5\EXTENSIONS\TRXGSZSJ.FRI\Sloop\lib\gson-2.10.jar;C:\USERS\DIANA\APPDATA\LOCAL\MICROSOFT\VISUALSTUDIO\17.0_475B5EF5\EXTENSIONS\TRXGSZSJ.FRI\Sloop\lib\guava-32.1.1-jre.jar;C:\USERS\DIANA\APPDATA\LOCAL\MICROSOFT\VISUALSTUDIO\17.0_475B5EF5\EXTENSIONS\TRXGSZSJ.FRI\Sloop\lib\httpclient5-5.2.1.jar;C:\USERS\DIANA\APPDATA\LOCAL\MICROSOFT\VISUALSTUDIO\17.0_475B5EF5\EXTENSIONS\TRXGSZSJ.FRI\Sloop\lib\httpcore5-5.2.jar;C:\USERS\DIANA\APPDATA\LOCAL\MICROSOFT\VISUALSTUDIO\17.0_475B5EF5\EXTENSIONS\TRXGSZSJ.FRI\Sloop\lib\httpcore5-h2-5.2.ja
Launcher Type: SUN_STANDARD

[Global flags]
     intx CICompilerCount                          = 3                                         {product} {ergonomic}
     uint ConcGCThreads                            = 2                                         {product} {ergonomic}
     uint G1ConcRefinementThreads                  = 6                                         {product} {ergonomic}
   size_t G1HeapRegionSize                         = 2097152                                   {product} {ergonomic}
    uintx GCDrainStackTargetSize                   = 64                                        {product} {ergonomic}
   size_t InitialHeapSize                          = 268435456                                 {product} {ergonomic}
   size_t MarkStackSize                            = 4194304                                   {product} {ergonomic}
   size_t MaxHeapSize                              = 4265607168                                {product} {ergonomic}
   size_t MaxNewSize                               = 2558525440                                {product} {ergonomic}
   size_t MinHeapDeltaBytes                        = 2097152                                   {product} {ergonomic}
   size_t MinHeapSize                              = 8388608                                   {product} {ergonomic}
    uintx NonNMethodCodeHeapSize                   = 5832780                                {pd product} {ergonomic}
    uintx NonProfiledCodeHeapSize                  = 122912730                              {pd product} {ergonomic}
    uintx ProfiledCodeHeapSize                     = 122912730                              {pd product} {ergonomic}
    uintx ReservedCodeCacheSize                    = 251658240                              {pd product} {ergonomic}
     bool SegmentedCodeCache                       = true                                      {product} {ergonomic}
   size_t SoftMaxHeapSize                          = 4265607168                             {manageable} {ergonomic}
     bool UseCompressedClassPointers               = true                           {product lp64_product} {ergonomic}
     bool UseCompressedOops                        = true                           {product lp64_product} {ergonomic}
     bool UseG1GC                                  = true                                      {product} {ergonomic}
     bool UseLargePagesIndividualAllocation        = false                                  {pd product} {ergonomic}

Logging:
Log output configuration:
 #0: stdout all=warning uptime,level,tags
 #1: stderr all=off uptime,level,tags

Environment Variables:
JAVA_HOME=C:\Program Files\Java\jdk-17
PATH=C:\Program Files\Java\jdk1.8.0_221;C:\Program Files\Java\jre1.8.0_221;C:\Program Files\Common Files\Oracle\Java\javapath;D:\app\Diana\product\11.2.0\dbhome_1\bin;C:\WINDOWS\system32;C:\WINDOWS;C:\WINDOWS\System32\Wbem;C:\WINDOWS\System32\WindowsPowerShell\v1.0\;C:\WINDOWS\System32\OpenSSH\;D:\Tomcat9\bin;C:\Program Files\dotnet\;D:\Git\cmd;C:\Users\Diana\AppData\Roaming\npm;D:\nvm;D:\nodejs;D:\nodejs;D:\Redis\;?D:\nginx-1.24.0\;D:\Qt\6.6.1\msvc2019_64\bin;D:\VS 2022\MSBuild\Current\Bin;D:\VS 2022\Common7\IDE\CommonExtensions\Microsoft\CMake\CMake\bin;D:\apache-maven-3.6.3\bin;C:\Program Files (x86)\Windows Kits\10\Windows Performance Toolkit\;C:\Program Files\Microsoft SQL Server\150\Tools\Binn\;C:\Program Files\Microsoft SQL Server\Client SDK\ODBC\170\Tools\Binn\;D:\Program Files (x86)\Tencent\web\dll;C:\Program Files\PowerShell\7\;D:\Python312\Scripts\;D:\Python312\;C:\Users\Diana\AppData\Local\Microsoft\WindowsApps;D:\IntelliJ IDEA 2024.2.0.1\bin;;D:\Microsoft VS Code\bin;C:\Users\Diana\.dotnet\tools;D:\nvm;D:\nodejs;D:\DevEco Studio\bin;;D:\Program Files\JetBrains\WebStorm 2024.1\bin;;D:\Program Files\cpolar\;C:\Users\Diana\AppData\Local\Microsoft\WinGet\Packages\Hugo.Hugo.Extended_Microsoft.Winget.Source_8wekyb3d8bbwe;
USERNAME=Diana
OS=Windows_NT
PROCESSOR_IDENTIFIER=Intel64 Family 6 Model 158 Stepping 10, GenuineIntel
TMP=C:\Users\Diana\AppData\Local\Temp
TEMP=C:\Users\Diana\AppData\Local\Temp



Periodic native trim disabled


---------------  S Y S T E M  ---------------

OS:
 Windows 10 , 64 bit Build 19041 (10.0.19041.5072)
OS uptime: 6 days 3:50 hours

CPU: total 6 (initial active 6) (6 cores per cpu, 1 threads per core) family 6 model 158 stepping 10 microcode 0xb4, cx8, cmov, fxsr, mmx, 3dnowpref, sse, sse2, sse3, ssse3, sse4.1, sse4.2, popcnt, lzcnt, tsc, tscinvbit, avx, avx2, aes, erms, clmul, bmi1, bmi2, rtm, adx, fma, vzeroupper, clflush, clflushopt
Processor Information for all 6 processors :
  Max Mhz: 3000, Current Mhz: 3000, Mhz Limit: 3000

Memory: 4k page, system-wide physical 16265M (229M free)
TotalPageFile size 34707M (AvailPageFile size 5M)
current process WorkingSet (physical memory assigned to process): 241M, peak: 241M
current process commit charge ("private bytes"): 314M, peak: 390M

vm_info: OpenJDK 64-Bit Server VM (17.0.9+9) for windows-amd64 JRE (17.0.9+9), built on Oct 26 2023 14:01:42 by "admin" with MS VC++ 16.10 / 16.11 (VS2019)

END.
